#-----------------------------------------------------------
# Vivado v2017.4.1 (64-bit)
# SW Build 2086221 on Fri Dec 15 20:55:39 MST 2017
# IP Build 2095745 on Tue Jan 30 17:13:15 MST 2018
# Start of session at: Sun Jul  4 16:07:32 2021
# Process ID: 6116
# Current directory: E:/program/labs_HLS/softmax/solution1/impl/ip
# Command line: vivado.exe -notrace -mode batch -source run_ippack.tcl
# Log file: E:/program/labs_HLS/softmax/solution1/impl/ip/vivado.log
# Journal file: E:/program/labs_HLS/softmax/solution1/impl/ip\vivado.jou
#-----------------------------------------------------------
source run_ippack.tcl -notrace
INFO: [IP_Flow 19-234] Refreshing IP repositories
INFO: [IP_Flow 19-1704] No user IP repositories specified
INFO: [IP_Flow 19-2313] Loaded Vivado IP repository 'E:/program/Vivado/2017.4/data/ip'.
WARNING: [IP_Flow 19-4832] The IP name 'add_bias_and_relu_flatten3_Softmax_ap_dexp_16_full_dsp_64' you have specified is long. The Windows operating system has path length limitations. It is recommended you use shorter names to reduce the likelihood of issues.
INFO: [IP_Flow 19-1686] Generating 'Synthesis' target for IP 'add_bias_and_relu_flatten3_Softmax_ap_dexp_16_full_dsp_64'...
INFO: [IP_Flow 19-1686] Generating 'Simulation' target for IP 'add_bias_and_relu_flatten3_Softmax_ap_dexp_16_full_dsp_64'...
WARNING: [IP_Flow 19-4832] The IP name 'add_bias_and_relu_flatten3_Softmax_ap_faddfsub_3_full_dsp_32' you have specified is long. The Windows operating system has path length limitations. It is recommended you use shorter names to reduce the likelihood of issues.
INFO: [IP_Flow 19-1686] Generating 'Synthesis' target for IP 'add_bias_and_relu_flatten3_Softmax_ap_faddfsub_3_full_dsp_32'...
INFO: [IP_Flow 19-1686] Generating 'Simulation' target for IP 'add_bias_and_relu_flatten3_Softmax_ap_faddfsub_3_full_dsp_32'...
WARNING: [IP_Flow 19-4832] The IP name 'add_bias_and_relu_flatten3_Softmax_ap_fcmp_0_no_dsp_32' you have specified is long. The Windows operating system has path length limitations. It is recommended you use shorter names to reduce the likelihood of issues.
INFO: [IP_Flow 19-1686] Generating 'Synthesis' target for IP 'add_bias_and_relu_flatten3_Softmax_ap_fcmp_0_no_dsp_32'...
INFO: [IP_Flow 19-1686] Generating 'Simulation' target for IP 'add_bias_and_relu_flatten3_Softmax_ap_fcmp_0_no_dsp_32'...
WARNING: [IP_Flow 19-4832] The IP name 'add_bias_and_relu_flatten3_Softmax_ap_fdiv_14_no_dsp_32' you have specified is long. The Windows operating system has path length limitations. It is recommended you use shorter names to reduce the likelihood of issues.
INFO: [IP_Flow 19-1686] Generating 'Synthesis' target for IP 'add_bias_and_relu_flatten3_Softmax_ap_fdiv_14_no_dsp_32'...
INFO: [IP_Flow 19-1686] Generating 'Simulation' target for IP 'add_bias_and_relu_flatten3_Softmax_ap_fdiv_14_no_dsp_32'...
WARNING: [IP_Flow 19-4832] The IP name 'add_bias_and_relu_flatten3_Softmax_ap_fpext_0_no_dsp_32' you have specified is long. The Windows operating system has path length limitations. It is recommended you use shorter names to reduce the likelihood of issues.
INFO: [IP_Flow 19-1686] Generating 'Synthesis' target for IP 'add_bias_and_relu_flatten3_Softmax_ap_fpext_0_no_dsp_32'...
INFO: [IP_Flow 19-1686] Generating 'Simulation' target for IP 'add_bias_and_relu_flatten3_Softmax_ap_fpext_0_no_dsp_32'...
WARNING: [IP_Flow 19-4832] The IP name 'add_bias_and_relu_flatten3_Softmax_ap_fptrunc_0_no_dsp_64' you have specified is long. The Windows operating system has path length limitations. It is recommended you use shorter names to reduce the likelihood of issues.
INFO: [IP_Flow 19-1686] Generating 'Synthesis' target for IP 'add_bias_and_relu_flatten3_Softmax_ap_fptrunc_0_no_dsp_64'...
INFO: [IP_Flow 19-1686] Generating 'Simulation' target for IP 'add_bias_and_relu_flatten3_Softmax_ap_fptrunc_0_no_dsp_64'...
INFO: [IP_Flow 19-234] Refreshing IP repositories
INFO: [IP_Flow 19-1704] No user IP repositories specified
INFO: [IP_Flow 19-2313] Loaded Vivado IP repository 'E:/program/Vivado/2017.4/data/ip'.
INFO: [Common 17-206] Exiting Vivado at Sun Jul  4 16:07:52 2021...
